[2026-04-06 22:48:02] Iniciando sincronização do Excel...
2026/04/06 22:48:02 NOTICE: Config file "/root/.config/rclone/rclone.conf" not found - using defaults
2026/04/06 22:48:02 CRITICAL: Failed to create file system for "gdrive:8 Geração Distribuída/15. Operação e Manutenção/Historico Geracao Solar Maranhao 2026.xlsx": didn't find section in config file ("gdrive")
[2026-04-06 22:48:02] ERRO na sincronização (exit code 1).
[2026-04-07 00:03:43] Iniciando sincronização do Excel...
2026/04/07 00:03:58 INFO  : Historico Geracao Solar Maranhao 2026.xlsx: Copied (replaced existing)
2026/04/07 00:03:58 INFO  : 
Transferred:   	    2.110 MiB / 2.110 MiB, 100%, 2.153 KiB/s, ETA 0s
Transferred:            1 / 1, 100%
Elapsed time:        13.2s

[2026-04-07 00:03:58] Sincronização concluída com sucesso.
[2026-04-07 00:04:58] Iniciando sincronização do Excel...
2026/04/07 00:05:00 INFO  : 
Transferred:   	          0 B / 0 B, -, 0 B/s, ETA -
Elapsed time:         0.0s

[2026-04-07 00:05:00] Sincronização concluída com sucesso.
[2026-04-07 00:19:38] Iniciando sincronização do Excel...
2026/04/07 00:19:49 INFO  : Historico Geracao Solar Maranhao 2026.xlsx: Copied (new)
2026/04/07 00:19:49 INFO  : 
Transferred:   	    2.110 MiB / 2.110 MiB, 100%, 63.500 KiB/s, ETA 0s
Transferred:            1 / 1, 100%
Elapsed time:         8.0s

[2026-04-07 00:19:49] Sincronização concluída com sucesso.
[2026-04-07 06:00:15] Iniciando sincronização do Excel...
2026/04/07 06:00:29 INFO  : Historico Geracao Solar Maranhao 2026.xlsx: Copied (replaced existing)
2026/04/07 06:00:29 INFO  : 
Transferred:   	    1.251 MiB / 1.251 MiB, 100%, 0 B/s, ETA -
Transferred:            1 / 1, 100%
Elapsed time:         2.4s

[2026-04-07 06:00:29] Sincronização concluída com sucesso.
[2026-04-08 06:00:01] Iniciando sincronização do Excel...
2026/04/08 06:00:44 INFO  : Historico Geracao Solar Maranhao 2026.xlsx: Copied (replaced existing)
2026/04/08 06:00:44 INFO  : 
Transferred:   	    1.424 MiB / 1.424 MiB, 100%, 0 B/s, ETA -
Transferred:            1 / 1, 100%
Elapsed time:         4.4s

[2026-04-08 06:00:44] Sincronização concluída com sucesso.
[2026-04-09 06:00:15] Iniciando sincronização do Excel...
2026/04/09 06:00:31 INFO  : Historico Geracao Solar Maranhao 2026.xlsx: Copied (replaced existing)
2026/04/09 06:00:31 INFO  : 
Transferred:   	    1.425 MiB / 1.425 MiB, 100%, 9.333 KiB/s, ETA 0s
Transferred:            1 / 1, 100%
Elapsed time:         3.2s

[2026-04-09 06:00:31] Sincronização concluída com sucesso.
[2026-04-10 06:00:15] Iniciando sincronização do Excel...
2026/04/10 06:00:27 ERROR : Google drive root '15. Operação e Manutenção/Historico Geracao Solar Maranhao 2026.xlsx': error reading source root directory: directory not found
2026/04/10 06:00:27 ERROR : Attempt 1/3 failed with 1 errors and: directory not found
2026/04/10 06:00:27 ERROR : Google drive root '15. Operação e Manutenção/Historico Geracao Solar Maranhao 2026.xlsx': error reading source root directory: directory not found
2026/04/10 06:00:27 ERROR : Attempt 2/3 failed with 1 errors and: directory not found
2026/04/10 06:00:27 ERROR : Google drive root '15. Operação e Manutenção/Historico Geracao Solar Maranhao 2026.xlsx': error reading source root directory: directory not found
2026/04/10 06:00:27 ERROR : Attempt 3/3 failed with 1 errors and: directory not found
2026/04/10 06:00:27 INFO  : 
Transferred:   	          0 B / 0 B, -, 0 B/s, ETA -
Errors:                 1 (retrying may help)
Checks:                 0 / 0, -, Listed 60
Elapsed time:         1.0s

2026/04/10 06:00:27 NOTICE: Failed to copy: directory not found
[2026-04-10 06:00:27] ERRO na sincronização (exit code 3).
[2026-04-11 06:00:01] Iniciando sincronização do Excel...
2026/04/11 06:00:40 ERROR : Google drive root '15. Operação e Manutenção/Historico Geracao Solar Maranhao 2026.xlsx': error reading source root directory: directory not found
2026/04/11 06:00:40 ERROR : Attempt 1/3 failed with 1 errors and: directory not found
2026/04/11 06:00:40 ERROR : Google drive root '15. Operação e Manutenção/Historico Geracao Solar Maranhao 2026.xlsx': error reading source root directory: directory not found
2026/04/11 06:00:40 ERROR : Attempt 2/3 failed with 1 errors and: directory not found
2026/04/11 06:00:40 ERROR : Google drive root '15. Operação e Manutenção/Historico Geracao Solar Maranhao 2026.xlsx': error reading source root directory: directory not found
2026/04/11 06:00:40 ERROR : Attempt 3/3 failed with 1 errors and: directory not found
2026/04/11 06:00:40 INFO  : 
Transferred:   	          0 B / 0 B, -, 0 B/s, ETA -
Errors:                 1 (retrying may help)
Checks:                 0 / 0, -, Listed 60
Elapsed time:         1.2s

2026/04/11 06:00:40 NOTICE: Failed to copy: directory not found
[2026-04-11 06:00:40] ERRO na sincronização (exit code 3).
[2026-04-12 06:00:15] Iniciando sincronização do Excel...
2026/04/12 06:00:26 ERROR : Google drive root '15. Operação e Manutenção/Historico Geracao Solar Maranhao 2026.xlsx': error reading source root directory: directory not found
2026/04/12 06:00:26 ERROR : Attempt 1/3 failed with 1 errors and: directory not found
2026/04/12 06:00:27 ERROR : Google drive root '15. Operação e Manutenção/Historico Geracao Solar Maranhao 2026.xlsx': error reading source root directory: directory not found
2026/04/12 06:00:27 ERROR : Attempt 2/3 failed with 1 errors and: directory not found
2026/04/12 06:00:27 ERROR : Google drive root '15. Operação e Manutenção/Historico Geracao Solar Maranhao 2026.xlsx': error reading source root directory: directory not found
2026/04/12 06:00:27 ERROR : Attempt 3/3 failed with 1 errors and: directory not found
2026/04/12 06:00:27 INFO  : 
Transferred:   	          0 B / 0 B, -, 0 B/s, ETA -
Errors:                 1 (retrying may help)
Checks:                 0 / 0, -, Listed 60
Elapsed time:         1.0s

2026/04/12 06:00:27 NOTICE: Failed to copy: directory not found
[2026-04-12 06:00:27] ERRO na sincronização (exit code 3).
[2026-04-13 06:00:15] Iniciando sincronização do Excel...
2026/04/13 06:00:28 ERROR : Google drive root '15. Operação e Manutenção/Historico Geracao Solar Maranhao 2026.xlsx': error reading source root directory: directory not found
2026/04/13 06:00:28 ERROR : Attempt 1/3 failed with 1 errors and: directory not found
2026/04/13 06:00:35 ERROR : Google drive root '15. Operação e Manutenção/Historico Geracao Solar Maranhao 2026.xlsx': error reading source root directory: directory not found
2026/04/13 06:00:35 ERROR : Attempt 2/3 failed with 1 errors and: directory not found
2026/04/13 06:00:35 ERROR : Google drive root '15. Operação e Manutenção/Historico Geracao Solar Maranhao 2026.xlsx': error reading source root directory: directory not found
2026/04/13 06:00:35 ERROR : Attempt 3/3 failed with 1 errors and: directory not found
2026/04/13 06:00:35 INFO  : 
Transferred:   	          0 B / 0 B, -, 0 B/s, ETA -
Errors:                 1 (retrying may help)
Checks:                 0 / 0, -, Listed 60
Elapsed time:         7.7s

2026/04/13 06:00:35 NOTICE: Failed to copy: directory not found
[2026-04-13 06:00:35] ERRO na sincronização (exit code 3).
[2026-04-14 06:00:15] Iniciando sincronização do Excel...
2026/04/14 06:00:28 ERROR : Google drive root '15. Operação e Manutenção/Historico Geracao Solar Maranhao 2026.xlsx': error reading source root directory: directory not found
2026/04/14 06:00:28 ERROR : Attempt 1/3 failed with 1 errors and: directory not found
2026/04/14 06:00:28 ERROR : Google drive root '15. Operação e Manutenção/Historico Geracao Solar Maranhao 2026.xlsx': error reading source root directory: directory not found
2026/04/14 06:00:28 ERROR : Attempt 2/3 failed with 1 errors and: directory not found
2026/04/14 06:00:29 ERROR : Google drive root '15. Operação e Manutenção/Historico Geracao Solar Maranhao 2026.xlsx': error reading source root directory: directory not found
2026/04/14 06:00:29 ERROR : Attempt 3/3 failed with 1 errors and: directory not found
2026/04/14 06:00:29 INFO  : 
Transferred:   	          0 B / 0 B, -, 0 B/s, ETA -
Errors:                 1 (retrying may help)
Checks:                 0 / 0, -, Listed 60
Elapsed time:         1.1s

2026/04/14 06:00:29 NOTICE: Failed to copy: directory not found
[2026-04-14 06:00:29] ERRO na sincronização (exit code 3).
[2026-04-15 06:00:15] Iniciando sincronização do Excel...
2026/04/15 06:00:28 ERROR : Google drive root '15. Operação e Manutenção/Historico Geracao Solar Maranhao 2026.xlsx': error reading source root directory: directory not found
2026/04/15 06:00:28 ERROR : Attempt 1/3 failed with 1 errors and: directory not found
2026/04/15 06:00:28 ERROR : Google drive root '15. Operação e Manutenção/Historico Geracao Solar Maranhao 2026.xlsx': error reading source root directory: directory not found
2026/04/15 06:00:28 ERROR : Attempt 2/3 failed with 1 errors and: directory not found
2026/04/15 06:00:29 ERROR : Google drive root '15. Operação e Manutenção/Historico Geracao Solar Maranhao 2026.xlsx': error reading source root directory: directory not found
2026/04/15 06:00:29 ERROR : Attempt 3/3 failed with 1 errors and: directory not found
2026/04/15 06:00:29 INFO  : 
Transferred:   	          0 B / 0 B, -, 0 B/s, ETA -
Errors:                 1 (retrying may help)
Checks:                 0 / 0, -, Listed 60
Elapsed time:         1.3s

2026/04/15 06:00:29 NOTICE: Failed to copy: directory not found
[2026-04-15 06:00:29] ERRO na sincronização (exit code 3).
[2026-04-16 06:00:15] Iniciando sincronização do Excel...
2026/04/16 06:00:51 ERROR : Google drive root '15. Operação e Manutenção/Historico Geracao Solar Maranhao 2026.xlsx': error reading source root directory: directory not found
2026/04/16 06:00:51 ERROR : Attempt 1/3 failed with 1 errors and: directory not found
2026/04/16 06:00:52 ERROR : Google drive root '15. Operação e Manutenção/Historico Geracao Solar Maranhao 2026.xlsx': error reading source root directory: directory not found
2026/04/16 06:00:52 ERROR : Attempt 2/3 failed with 1 errors and: directory not found
2026/04/16 06:00:52 ERROR : Google drive root '15. Operação e Manutenção/Historico Geracao Solar Maranhao 2026.xlsx': error reading source root directory: directory not found
2026/04/16 06:00:52 ERROR : Attempt 3/3 failed with 1 errors and: directory not found
2026/04/16 06:00:52 INFO  : 
Transferred:   	          0 B / 0 B, -, 0 B/s, ETA -
Errors:                 1 (retrying may help)
Checks:                 0 / 0, -, Listed 60
Elapsed time:         1.1s

2026/04/16 06:00:52 NOTICE: Failed to copy: directory not found
[2026-04-16 06:00:52] ERRO na sincronização (exit code 3).
[2026-04-17 06:00:15] Iniciando sincronização do Excel...
2026/04/17 06:00:28 ERROR : Google drive root '15. Operação e Manutenção/Historico Geracao Solar Maranhao 2026.xlsx': error reading source root directory: directory not found
2026/04/17 06:00:28 ERROR : Attempt 1/3 failed with 1 errors and: directory not found
2026/04/17 06:00:28 ERROR : Google drive root '15. Operação e Manutenção/Historico Geracao Solar Maranhao 2026.xlsx': error reading source root directory: directory not found
2026/04/17 06:00:28 ERROR : Attempt 2/3 failed with 1 errors and: directory not found
2026/04/17 06:00:28 ERROR : Google drive root '15. Operação e Manutenção/Historico Geracao Solar Maranhao 2026.xlsx': error reading source root directory: directory not found
2026/04/17 06:00:28 ERROR : Attempt 3/3 failed with 1 errors and: directory not found
2026/04/17 06:00:28 INFO  : 
Transferred:   	          0 B / 0 B, -, 0 B/s, ETA -
Errors:                 1 (retrying may help)
Checks:                 0 / 0, -, Listed 60
Elapsed time:         1.0s

2026/04/17 06:00:28 NOTICE: Failed to copy: directory not found
[2026-04-17 06:00:28] ERRO na sincronização (exit code 3).
[2026-04-18 06:00:15] Iniciando sincronização do Excel...
2026/04/18 06:00:26 ERROR : Google drive root '15. Operação e Manutenção/Historico Geracao Solar Maranhao 2026.xlsx': error reading source root directory: directory not found
2026/04/18 06:00:26 ERROR : Attempt 1/3 failed with 1 errors and: directory not found
2026/04/18 06:00:27 ERROR : Google drive root '15. Operação e Manutenção/Historico Geracao Solar Maranhao 2026.xlsx': error reading source root directory: directory not found
2026/04/18 06:00:27 ERROR : Attempt 2/3 failed with 1 errors and: directory not found
2026/04/18 06:00:27 ERROR : Google drive root '15. Operação e Manutenção/Historico Geracao Solar Maranhao 2026.xlsx': error reading source root directory: directory not found
2026/04/18 06:00:27 ERROR : Attempt 3/3 failed with 1 errors and: directory not found
2026/04/18 06:00:27 INFO  : 
Transferred:   	          0 B / 0 B, -, 0 B/s, ETA -
Errors:                 1 (retrying may help)
Checks:                 0 / 0, -, Listed 60
Elapsed time:         1.0s

2026/04/18 06:00:27 NOTICE: Failed to copy: directory not found
[2026-04-18 06:00:27] ERRO na sincronização (exit code 3).
[2026-04-19 06:00:15] Iniciando sincronização do Excel...
2026/04/19 06:00:27 ERROR : Google drive root '15. Operação e Manutenção/Historico Geracao Solar Maranhao 2026.xlsx': error reading source root directory: directory not found
2026/04/19 06:00:27 ERROR : Attempt 1/3 failed with 1 errors and: directory not found
2026/04/19 06:00:28 ERROR : Google drive root '15. Operação e Manutenção/Historico Geracao Solar Maranhao 2026.xlsx': error reading source root directory: directory not found
2026/04/19 06:00:28 ERROR : Attempt 2/3 failed with 1 errors and: directory not found
2026/04/19 06:00:28 ERROR : Google drive root '15. Operação e Manutenção/Historico Geracao Solar Maranhao 2026.xlsx': error reading source root directory: directory not found
2026/04/19 06:00:28 ERROR : Attempt 3/3 failed with 1 errors and: directory not found
2026/04/19 06:00:28 INFO  : 
Transferred:   	          0 B / 0 B, -, 0 B/s, ETA -
Errors:                 1 (retrying may help)
Checks:                 0 / 0, -, Listed 60
Elapsed time:         1.0s

2026/04/19 06:00:28 NOTICE: Failed to copy: directory not found
[2026-04-19 06:00:28] ERRO na sincronização (exit code 3).
[2026-04-19 20:32:10] Iniciando sincronização do Excel...
2026/04/19 20:32:31 ERROR : Google drive root '15. Operação e Manutenção/Historico Geracao Solar Maranhao 2026.xlsx': error reading source root directory: directory not found
2026/04/19 20:32:31 ERROR : Attempt 1/3 failed with 1 errors and: directory not found
2026/04/19 20:32:32 ERROR : Google drive root '15. Operação e Manutenção/Historico Geracao Solar Maranhao 2026.xlsx': error reading source root directory: directory not found
2026/04/19 20:32:32 ERROR : Attempt 2/3 failed with 1 errors and: directory not found
2026/04/19 20:32:32 ERROR : Google drive root '15. Operação e Manutenção/Historico Geracao Solar Maranhao 2026.xlsx': error reading source root directory: directory not found
2026/04/19 20:32:32 ERROR : Attempt 3/3 failed with 1 errors and: directory not found
2026/04/19 20:32:32 INFO  : 
Transferred:   	          0 B / 0 B, -, 0 B/s, ETA -
Errors:                 1 (retrying may help)
Checks:                 0 / 0, -, Listed 60
Elapsed time:         0.9s

2026/04/19 20:32:32 NOTICE: Failed to copy: directory not found
[2026-04-19 20:32:32] ERRO na sincronização (exit code 3).
[2026-04-20 06:00:20] Iniciando sincronização do Excel...
2026/04/20 06:00:27 ERROR : Google drive root '15. Operação e Manutenção/Historico Geracao Solar Maranhao 2026.xlsx': error reading source root directory: directory not found
2026/04/20 06:00:27 ERROR : Attempt 1/3 failed with 1 errors and: directory not found
2026/04/20 06:00:28 ERROR : Google drive root '15. Operação e Manutenção/Historico Geracao Solar Maranhao 2026.xlsx': error reading source root directory: directory not found
2026/04/20 06:00:28 ERROR : Attempt 2/3 failed with 1 errors and: directory not found
2026/04/20 06:00:28 ERROR : Google drive root '15. Operação e Manutenção/Historico Geracao Solar Maranhao 2026.xlsx': error reading source root directory: directory not found
2026/04/20 06:00:28 ERROR : Attempt 3/3 failed with 1 errors and: directory not found
2026/04/20 06:00:28 INFO  : 
Transferred:   	          0 B / 0 B, -, 0 B/s, ETA -
Errors:                 1 (retrying may help)
Checks:                 0 / 0, -, Listed 60
Elapsed time:         1.2s

2026/04/20 06:00:28 NOTICE: Failed to copy: directory not found
[2026-04-20 06:00:28] ERRO na sincronização (exit code 3).
[2026-04-21 06:00:05] Iniciando sincronização do Excel...
2026/04/21 06:00:26 ERROR : Google drive root '15. Operação e Manutenção/Historico Geracao Solar Maranhao 2026.xlsx': error reading source root directory: directory not found
2026/04/21 06:00:26 ERROR : Attempt 1/3 failed with 1 errors and: directory not found
2026/04/21 06:00:26 ERROR : Google drive root '15. Operação e Manutenção/Historico Geracao Solar Maranhao 2026.xlsx': error reading source root directory: directory not found
2026/04/21 06:00:26 ERROR : Attempt 2/3 failed with 1 errors and: directory not found
2026/04/21 06:00:27 ERROR : Google drive root '15. Operação e Manutenção/Historico Geracao Solar Maranhao 2026.xlsx': error reading source root directory: directory not found
2026/04/21 06:00:27 ERROR : Attempt 3/3 failed with 1 errors and: directory not found
2026/04/21 06:00:27 INFO  : 
Transferred:   	          0 B / 0 B, -, 0 B/s, ETA -
Errors:                 1 (retrying may help)
Checks:                 0 / 0, -, Listed 60
Elapsed time:         1.0s

2026/04/21 06:00:27 NOTICE: Failed to copy: directory not found
[2026-04-21 06:00:27] ERRO na sincronização (exit code 3).
[2026-04-22 06:00:03] Iniciando sincronização do Excel...
2026/04/22 06:00:40 ERROR : Google drive root '15. Operação e Manutenção/Historico Geracao Solar Maranhao 2026.xlsx': error reading source root directory: directory not found
2026/04/22 06:00:40 ERROR : Attempt 1/3 failed with 1 errors and: directory not found
2026/04/22 06:00:40 ERROR : Google drive root '15. Operação e Manutenção/Historico Geracao Solar Maranhao 2026.xlsx': error reading source root directory: directory not found
2026/04/22 06:00:40 ERROR : Attempt 2/3 failed with 1 errors and: directory not found
2026/04/22 06:00:41 ERROR : Google drive root '15. Operação e Manutenção/Historico Geracao Solar Maranhao 2026.xlsx': error reading source root directory: directory not found
2026/04/22 06:00:41 ERROR : Attempt 3/3 failed with 1 errors and: directory not found
2026/04/22 06:00:41 INFO  : 
Transferred:   	          0 B / 0 B, -, 0 B/s, ETA -
Errors:                 1 (retrying may help)
Checks:                 0 / 0, -, Listed 60
Elapsed time:         1.0s

2026/04/22 06:00:41 NOTICE: Failed to copy: directory not found
[2026-04-22 06:00:41] ERRO na sincronização (exit code 3).
[2026-04-23 06:00:05] Iniciando sincronização do Excel...
2026/04/23 06:00:57 ERROR : Google drive root '15. Operação e Manutenção/Historico Geracao Solar Maranhao 2026.xlsx': error reading source root directory: directory not found
2026/04/23 06:00:57 ERROR : Attempt 1/3 failed with 1 errors and: directory not found
2026/04/23 06:00:57 ERROR : Google drive root '15. Operação e Manutenção/Historico Geracao Solar Maranhao 2026.xlsx': error reading source root directory: directory not found
2026/04/23 06:00:57 ERROR : Attempt 2/3 failed with 1 errors and: directory not found
2026/04/23 06:00:59 ERROR : Google drive root '15. Operação e Manutenção/Historico Geracao Solar Maranhao 2026.xlsx': error reading source root directory: directory not found
2026/04/23 06:00:59 ERROR : Attempt 3/3 failed with 1 errors and: directory not found
2026/04/23 06:00:59 INFO  : 
Transferred:   	          0 B / 0 B, -, 0 B/s, ETA -
Errors:                 1 (retrying may help)
Checks:                 0 / 0, -, Listed 60
Elapsed time:         1.9s

2026/04/23 06:00:59 NOTICE: Failed to copy: directory not found
[2026-04-23 06:00:59] ERRO na sincronização (exit code 3).
[2026-04-24 06:00:45] Iniciando sincronização do Excel...
2026/04/24 06:00:48 ERROR : Google drive root '15. Operação e Manutenção/Historico Geracao Solar Maranhao 2026.xlsx': error reading source root directory: directory not found
2026/04/24 06:00:48 ERROR : Attempt 1/3 failed with 1 errors and: directory not found
2026/04/24 06:00:48 ERROR : Google drive root '15. Operação e Manutenção/Historico Geracao Solar Maranhao 2026.xlsx': error reading source root directory: directory not found
2026/04/24 06:00:48 ERROR : Attempt 2/3 failed with 1 errors and: directory not found
2026/04/24 06:00:49 ERROR : Google drive root '15. Operação e Manutenção/Historico Geracao Solar Maranhao 2026.xlsx': error reading source root directory: directory not found
2026/04/24 06:00:49 ERROR : Attempt 3/3 failed with 1 errors and: directory not found
2026/04/24 06:00:49 INFO  : 
Transferred:   	          0 B / 0 B, -, 0 B/s, ETA -
Errors:                 1 (retrying may help)
Checks:                 0 / 0, -, Listed 60
Elapsed time:         1.0s

2026/04/24 06:00:49 NOTICE: Failed to copy: directory not found
[2026-04-24 06:00:49] ERRO na sincronização (exit code 3).
[2026-04-25 06:00:25] Iniciando sincronização do Excel...
2026/04/25 06:00:28 ERROR : Google drive root '15. Operação e Manutenção/Historico Geracao Solar Maranhao 2026.xlsx': error reading source root directory: directory not found
2026/04/25 06:00:28 ERROR : Attempt 1/3 failed with 1 errors and: directory not found
2026/04/25 06:00:28 ERROR : Google drive root '15. Operação e Manutenção/Historico Geracao Solar Maranhao 2026.xlsx': error reading source root directory: directory not found
2026/04/25 06:00:28 ERROR : Attempt 2/3 failed with 1 errors and: directory not found
2026/04/25 06:00:29 ERROR : Google drive root '15. Operação e Manutenção/Historico Geracao Solar Maranhao 2026.xlsx': error reading source root directory: directory not found
2026/04/25 06:00:29 ERROR : Attempt 3/3 failed with 1 errors and: directory not found
2026/04/25 06:00:29 INFO  : 
Transferred:   	          0 B / 0 B, -, 0 B/s, ETA -
Errors:                 1 (retrying may help)
Checks:                 0 / 0, -, Listed 60
Elapsed time:         1.0s

2026/04/25 06:00:29 NOTICE: Failed to copy: directory not found
[2026-04-25 06:00:29] ERRO na sincronização (exit code 3).
[2026-04-26 06:00:05] Iniciando sincronização do Excel...
2026/04/26 06:00:40 ERROR : Google drive root '15. Operação e Manutenção/Historico Geracao Solar Maranhao 2026.xlsx': error reading source root directory: directory not found
2026/04/26 06:00:40 ERROR : Attempt 1/3 failed with 1 errors and: directory not found
2026/04/26 06:00:41 ERROR : Google drive root '15. Operação e Manutenção/Historico Geracao Solar Maranhao 2026.xlsx': error reading source root directory: directory not found
2026/04/26 06:00:41 ERROR : Attempt 2/3 failed with 1 errors and: directory not found
2026/04/26 06:00:41 ERROR : Google drive root '15. Operação e Manutenção/Historico Geracao Solar Maranhao 2026.xlsx': error reading source root directory: directory not found
2026/04/26 06:00:41 ERROR : Attempt 3/3 failed with 1 errors and: directory not found
2026/04/26 06:00:41 INFO  : 
Transferred:   	          0 B / 0 B, -, 0 B/s, ETA -
Errors:                 1 (retrying may help)
Checks:                 0 / 0, -, Listed 60
Elapsed time:         1.0s

2026/04/26 06:00:41 NOTICE: Failed to copy: directory not found
[2026-04-26 06:00:41] ERRO na sincronização (exit code 3).
[2026-04-27 06:00:45] Iniciando sincronização do Excel...
2026/04/27 06:00:47 ERROR : Google drive root '15. Operação e Manutenção/Historico Geracao Solar Maranhao 2026.xlsx': error reading source root directory: directory not found
2026/04/27 06:00:47 ERROR : Attempt 1/3 failed with 1 errors and: directory not found
2026/04/27 06:00:48 ERROR : Google drive root '15. Operação e Manutenção/Historico Geracao Solar Maranhao 2026.xlsx': error reading source root directory: directory not found
2026/04/27 06:00:48 ERROR : Attempt 2/3 failed with 1 errors and: directory not found
2026/04/27 06:00:48 ERROR : Google drive root '15. Operação e Manutenção/Historico Geracao Solar Maranhao 2026.xlsx': error reading source root directory: directory not found
2026/04/27 06:00:48 ERROR : Attempt 3/3 failed with 1 errors and: directory not found
2026/04/27 06:00:48 INFO  : 
Transferred:   	          0 B / 0 B, -, 0 B/s, ETA -
Errors:                 1 (retrying may help)
Checks:                 0 / 0, -, Listed 60
Elapsed time:         0.9s

2026/04/27 06:00:48 NOTICE: Failed to copy: directory not found
[2026-04-27 06:00:48] ERRO na sincronização (exit code 3).
[2026-04-28 06:00:45] Iniciando sincronização do Excel...
2026/04/28 06:00:48 ERROR : Google drive root '15. Operação e Manutenção/Historico Geracao Solar Maranhao 2026.xlsx': error reading source root directory: directory not found
2026/04/28 06:00:48 ERROR : Attempt 1/3 failed with 1 errors and: directory not found
2026/04/28 06:00:48 ERROR : Google drive root '15. Operação e Manutenção/Historico Geracao Solar Maranhao 2026.xlsx': error reading source root directory: directory not found
2026/04/28 06:00:48 ERROR : Attempt 2/3 failed with 1 errors and: directory not found
2026/04/28 06:00:49 ERROR : Google drive root '15. Operação e Manutenção/Historico Geracao Solar Maranhao 2026.xlsx': error reading source root directory: directory not found
2026/04/28 06:00:49 ERROR : Attempt 3/3 failed with 1 errors and: directory not found
2026/04/28 06:00:49 INFO  : 
Transferred:   	          0 B / 0 B, -, 0 B/s, ETA -
Errors:                 1 (retrying may help)
Checks:                 0 / 0, -, Listed 60
Elapsed time:         1.1s

2026/04/28 06:00:49 NOTICE: Failed to copy: directory not found
[2026-04-28 06:00:49] ERRO na sincronização (exit code 3).
[2026-04-29 06:00:35] Iniciando sincronização do Excel...
2026/04/29 06:00:38 ERROR : Google drive root '15. Operação e Manutenção/Historico Geracao Solar Maranhao 2026.xlsx': error reading source root directory: directory not found
2026/04/29 06:00:38 ERROR : Attempt 1/3 failed with 1 errors and: directory not found
2026/04/29 06:00:39 ERROR : Google drive root '15. Operação e Manutenção/Historico Geracao Solar Maranhao 2026.xlsx': error reading source root directory: directory not found
2026/04/29 06:00:39 ERROR : Attempt 2/3 failed with 1 errors and: directory not found
2026/04/29 06:00:39 ERROR : Google drive root '15. Operação e Manutenção/Historico Geracao Solar Maranhao 2026.xlsx': error reading source root directory: directory not found
2026/04/29 06:00:39 ERROR : Attempt 3/3 failed with 1 errors and: directory not found
2026/04/29 06:00:39 INFO  : 
Transferred:   	          0 B / 0 B, -, 0 B/s, ETA -
Errors:                 1 (retrying may help)
Checks:                 0 / 0, -, Listed 60
Elapsed time:         1.3s

2026/04/29 06:00:39 NOTICE: Failed to copy: directory not found
[2026-04-29 06:00:39] ERRO na sincronização (exit code 3).
[2026-04-30 06:00:25] Iniciando sincronização do Excel...
2026/04/30 06:00:28 ERROR : Google drive root '15. Operação e Manutenção/Historico Geracao Solar Maranhao 2026.xlsx': error reading source root directory: directory not found
2026/04/30 06:00:28 ERROR : Attempt 1/3 failed with 1 errors and: directory not found
2026/04/30 06:00:28 ERROR : Google drive root '15. Operação e Manutenção/Historico Geracao Solar Maranhao 2026.xlsx': error reading source root directory: directory not found
2026/04/30 06:00:28 ERROR : Attempt 2/3 failed with 1 errors and: directory not found
2026/04/30 06:00:29 ERROR : Google drive root '15. Operação e Manutenção/Historico Geracao Solar Maranhao 2026.xlsx': error reading source root directory: directory not found
2026/04/30 06:00:29 ERROR : Attempt 3/3 failed with 1 errors and: directory not found
2026/04/30 06:00:29 INFO  : 
Transferred:   	          0 B / 0 B, -, 0 B/s, ETA -
Errors:                 1 (retrying may help)
Checks:                 0 / 0, -, Listed 60
Elapsed time:         1.1s

2026/04/30 06:00:29 NOTICE: Failed to copy: directory not found
[2026-04-30 06:00:29] ERRO na sincronização (exit code 3).
[2026-04-30 15:38:33] Iniciando sincronização do Excel...
2026/04/30 15:38:38 ERROR : Google drive root '15. Operação e Manutenção/Historico Geracao Solar Maranhao 2026.xlsx': error reading source root directory: directory not found
2026/04/30 15:38:38 ERROR : Attempt 1/3 failed with 1 errors and: directory not found
2026/04/30 15:38:38 ERROR : Google drive root '15. Operação e Manutenção/Historico Geracao Solar Maranhao 2026.xlsx': error reading source root directory: directory not found
2026/04/30 15:38:38 ERROR : Attempt 2/3 failed with 1 errors and: directory not found
2026/04/30 15:38:39 ERROR : Google drive root '15. Operação e Manutenção/Historico Geracao Solar Maranhao 2026.xlsx': error reading source root directory: directory not found
2026/04/30 15:38:39 ERROR : Attempt 3/3 failed with 1 errors and: directory not found
2026/04/30 15:38:39 INFO  : 
Transferred:   	          0 B / 0 B, -, 0 B/s, ETA -
Errors:                 1 (retrying may help)
Checks:                 0 / 0, -, Listed 60
Elapsed time:         1.2s

2026/04/30 15:38:39 NOTICE: Failed to copy: directory not found
[2026-04-30 15:38:39] ERRO na sincronização (exit code 3).
[2026-04-30 15:39:18] Iniciando sincronização do Excel...
2026/04/30 15:39:30 ERROR : Google drive root '15. Operação e Manutenção/Historico Geracao Solar Maranhao 2026.xlsx': error reading source root directory: directory not found
2026/04/30 15:39:30 ERROR : Attempt 1/3 failed with 1 errors and: directory not found
2026/04/30 15:39:30 ERROR : Google drive root '15. Operação e Manutenção/Historico Geracao Solar Maranhao 2026.xlsx': error reading source root directory: directory not found
2026/04/30 15:39:30 ERROR : Attempt 2/3 failed with 1 errors and: directory not found
2026/04/30 15:39:31 ERROR : Google drive root '15. Operação e Manutenção/Historico Geracao Solar Maranhao 2026.xlsx': error reading source root directory: directory not found
2026/04/30 15:39:31 ERROR : Attempt 3/3 failed with 1 errors and: directory not found
2026/04/30 15:39:31 INFO  : 
Transferred:   	          0 B / 0 B, -, 0 B/s, ETA -
Errors:                 1 (retrying may help)
Checks:                 0 / 0, -, Listed 60
Elapsed time:         1.1s

2026/04/30 15:39:31 NOTICE: Failed to copy: directory not found
[2026-04-30 15:39:31] ERRO na sincronização (exit code 3).
[2026-05-01 06:00:00] Iniciando sincronização do Excel...
